#
# There is insufficient memory for the Java Runtime Environment to continue.
# Native memory allocation (mmap) failed to map 134217728 bytes for Failed to commit area from 0x0000000081400000 to 0x0000000089400000 of length 134217728.
# Possible reasons:
#   The system is out of physical RAM or swap space
#   The process is running with CompressedOops enabled, and the Java Heap may be blocking the growth of the native heap
# Possible solutions:
#   Reduce memory load on the system
#   Increase physical memory or swap space
#   Check if swap backing store is full
#   Decrease Java heap size (-Xmx/-Xms)
#   Decrease number of Java threads
#   Decrease Java thread stack sizes (-Xss)
#   Set larger code cache with -XX:ReservedCodeCacheSize=
# This output file may be truncated or incomplete.
#
#  Out of Memory Error (C:/buildbot/worker/e/main/jdk/src/hotspot/os/windows/os_windows.cpp:3291), pid=18996, tid=20908
#
# JRE version:  (11.0.5+10) (build )
# Java VM: OpenJDK 64-Bit GraalVM CE 19.3.0 (11.0.5+10-jvmci-19.3-b05-LTS, mixed mode, sharing, tiered, jvmci, jvmci compiler, compressed oops, g1 gc, windows-amd64)
# No core dump will be written. Minidumps are not enabled by default on client versions of Windows
#

---------------  S U M M A R Y ------------

Command Line: -agentlib:jdwp=transport=dt_socket,suspend=y,address=localhost:54505 -javaagent:C:\Users\user\eclipse\jee-latest-released\eclipse\configuration\org.eclipse.osgi\1138\0\.cp\lib\javaagent-shaded.jar -Dfile.encoding=UTF-8 com.eomcs.jdbc.ex1.Exam0350

Host: Intel(R) Core(TM) i7-6700 CPU @ 3.40GHz, 8 cores, 7G,  Windows 10 , 64 bit Build 18362 (10.0.18362.329)
Time: Thu Feb 20 15:40:56 2020 ¢¥eCN©öI¡¾©ö C¡ÍA¨ª¨öA elapsed time: 0 seconds (0d 0h 0m 0s)

---------------  T H R E A D  ---------------

Current thread (0x000002302edbf000):  JavaThread "Unknown thread" [_thread_in_vm, id=20908, stack(0x000000e498900000,0x000000e498a00000)]

Stack: [0x000000e498900000,0x000000e498a00000]
Native frames: (J=compiled Java code, j=interpreted, Vv=VM code, C=native code)
V  [jvm.dll+0x65403a]
V  [jvm.dll+0x791e2e]
V  [jvm.dll+0x7934d8]
V  [jvm.dll+0x793b93]
V  [jvm.dll+0x251a28]
V  [jvm.dll+0x65145a]
V  [jvm.dll+0x645ab5]
V  [jvm.dll+0x30b51c]
V  [jvm.dll+0x30b3a2]
V  [jvm.dll+0x310c06]
V  [jvm.dll+0x35c85f]
V  [jvm.dll+0x35c280]
V  [jvm.dll+0x2e7008]
V  [jvm.dll+0x2e8156]
V  [jvm.dll+0x76aca7]
V  [jvm.dll+0x76c5bf]
V  [jvm.dll+0x369839]
V  [jvm.dll+0x74ed4e]
V  [jvm.dll+0x3d87cd]
V  [jvm.dll+0x3dad01]
C  [jli.dll+0x51cf]
C  [ucrtbase.dll+0x20e72]
C  [KERNEL32.DLL+0x17bd4]
C  [ntdll.dll+0x6ced1]


---------------  P R O C E S S  ---------------

Threads class SMR info:
_java_thread_list=0x000002302cb97250, length=0, elements={
}

Java Threads: ( => current thread )

Other Threads:
  0x000002302edd5800 GCTaskThread "GC Thread#0" [stack: 0x000000e498a00000,0x000000e498b00000] [id=21712]
  0x000002302ee06800 ConcurrentGCThread "G1 Main Marker" [stack: 0x000000e498b00000,0x000000e498c00000] [id=21960]
  0x000002302ee09000 ConcurrentGCThread "G1 Conc#0" [stack: 0x000000e498c00000,0x000000e498d00000] [id=21964]

[error occurred during error reporting (printing all threads), id 0xc0000005, EXCEPTION_ACCESS_VIOLATION (0xc0000005) at pc=0x00007ffebc576857]

VM state:not at safepoint (not fully initialized)

VM Mutex/Monitor currently owned by a thread:  ([mutex/lock_event])
[0x000002302edbafc0] Heap_lock - owner thread: 0x000002302edbf000

Heap address: 0x0000000081400000, size: 2028 MB, Compressed Oops mode: Non-zero based: 0x0000000081400000
Narrow klass base: 0x0000000000000000, Narrow klass shift: 0

GC Heap History (0 events):
No events

Deoptimization events (0 events):
No events

Classes redefined (0 events):
No events

Internal exceptions (0 events):
No events

Events (0 events):
No events


Dynamic libraries:
0x00007ff6cba60000 - 0x00007ff6cba6d000 	C:\bitcamp\graalvm-ce-java11-19.3.0\bin\javaw.exe
0x00007ffedec20000 - 0x00007ffedee10000 	C:\WINDOWS\SYSTEM32\ntdll.dll
0x00007ffedd010000 - 0x00007ffedd0c2000 	C:\WINDOWS\System32\KERNEL32.DLL
0x00007ffedbd30000 - 0x00007ffedbfd3000 	C:\WINDOWS\System32\KERNELBASE.dll
0x00007ffedc010000 - 0x00007ffedc10a000 	C:\WINDOWS\System32\ucrtbase.dll
0x00007ffecc010000 - 0x00007ffecc026000 	C:\bitcamp\graalvm-ce-java11-19.3.0\bin\VCRUNTIME140.dll
0x00007ffec7930000 - 0x00007ffec7948000 	C:\bitcamp\graalvm-ce-java11-19.3.0\bin\jli.dll
0x00007ffeddfc0000 - 0x00007ffede154000 	C:\WINDOWS\System32\USER32.dll
0x00007ffedbfe0000 - 0x00007ffedc001000 	C:\WINDOWS\System32\win32u.dll
0x00007ffedcfc0000 - 0x00007ffedcfe6000 	C:\WINDOWS\System32\GDI32.dll
0x00007ffedc9e0000 - 0x00007ffedcb74000 	C:\WINDOWS\System32\gdi32full.dll
0x00007ffecd9f0000 - 0x00007ffecdc75000 	C:\WINDOWS\WinSxS\amd64_microsoft.windows.common-controls_6595b64144ccf1df_6.0.18362.657_none_e6c5b579130e3898\COMCTL32.dll
0x00007ffedbc90000 - 0x00007ffedbd2e000 	C:\WINDOWS\System32\msvcp_win.dll
0x00007ffedd3c0000 - 0x00007ffedd45e000 	C:\WINDOWS\System32\msvcrt.dll
0x00007ffedd6f0000 - 0x00007ffedda26000 	C:\WINDOWS\System32\combase.dll
0x00007ffedd5a0000 - 0x00007ffedd6c0000 	C:\WINDOWS\System32\RPCRT4.dll
0x00007ffedcb80000 - 0x00007ffedcc00000 	C:\WINDOWS\System32\bcryptPrimitives.dll
0x00007ffedd6c0000 - 0x00007ffedd6ee000 	C:\WINDOWS\System32\IMM32.DLL
0x00007ffea49c0000 - 0x00007ffea4a6a000 	C:\bitcamp\graalvm-ce-java11-19.3.0\bin\msvcp140.dll
0x00007ffebc280000 - 0x00007ffebcdd1000 	C:\bitcamp\graalvm-ce-java11-19.3.0\bin\server\jvm.dll
0x00007ffedd460000 - 0x00007ffedd503000 	C:\WINDOWS\System32\ADVAPI32.dll
0x00007ffedcf20000 - 0x00007ffedcfb7000 	C:\WINDOWS\System32\sechost.dll
0x00007ffedd000000 - 0x00007ffedd008000 	C:\WINDOWS\System32\PSAPI.DLL
0x00007ffed2410000 - 0x00007ffed2419000 	C:\WINDOWS\SYSTEM32\WSOCK32.dll
0x00007ffeddf50000 - 0x00007ffeddfbf000 	C:\WINDOWS\System32\WS2_32.dll
0x00007ffed9ab0000 - 0x00007ffed9ad4000 	C:\WINDOWS\SYSTEM32\WINMM.dll
0x00007ffecf450000 - 0x00007ffecf45a000 	C:\WINDOWS\SYSTEM32\VERSION.dll
0x00007ffed9a80000 - 0x00007ffed9aad000 	C:\WINDOWS\SYSTEM32\WINMMBASE.dll
0x00007ffedcc00000 - 0x00007ffedcc4a000 	C:\WINDOWS\System32\cfgmgr32.dll
0x00007ffedbb20000 - 0x00007ffedbb31000 	C:\WINDOWS\System32\kernel.appcore.dll
0x00007ffed0fe0000 - 0x00007ffed0ff1000 	C:\bitcamp\graalvm-ce-java11-19.3.0\bin\verify.dll
0x00007ffed27f0000 - 0x00007ffed29e4000 	C:\WINDOWS\SYSTEM32\DBGHELP.DLL
0x00007ffed27c0000 - 0x00007ffed27ea000 	C:\WINDOWS\SYSTEM32\dbgcore.DLL
0x00007ffece4c0000 - 0x00007ffece4e8000 	C:\bitcamp\graalvm-ce-java11-19.3.0\bin\java.dll
0x00007ffecd7b0000 - 0x00007ffecd7e7000 	C:\bitcamp\graalvm-ce-java11-19.3.0\bin\jdwp.dll
0x00007ffed0600000 - 0x00007ffed060e000 	C:\bitcamp\graalvm-ce-java11-19.3.0\bin\instrument.dll
0x00007ffecd780000 - 0x00007ffecd796000 	C:\bitcamp\graalvm-ce-java11-19.3.0\bin\zip.dll
0x00007ffed2300000 - 0x00007ffed230a000 	C:\bitcamp\graalvm-ce-java11-19.3.0\bin\jimage.dll

dbghelp: loaded successfully - version: 4.0.5 - missing functions: none
symbol engine: initialized successfully - sym options: 0x614 - pdb path: .;C:\bitcamp\graalvm-ce-java11-19.3.0\bin;C:\WINDOWS\SYSTEM32;C:\WINDOWS\WinSxS\amd64_microsoft.windows.common-controls_6595b64144ccf1df_6.0.18362.657_none_e6c5b579130e3898;C:\bitcamp\graalvm-ce-java11-19.3.0\bin\server

VM Arguments:
jvm_args: -agentlib:jdwp=transport=dt_socket,suspend=y,address=localhost:54505 -javaagent:C:\Users\user\eclipse\jee-latest-released\eclipse\configuration\org.eclipse.osgi\1138\0\.cp\lib\javaagent-shaded.jar -Dfile.encoding=UTF-8 
java_command: com.eomcs.jdbc.ex1.Exam0350
java_class_path (initial): C:\Users\user\git\bitcamp-study\bitcamp-java\bin\main;C:\Users\user\.gradle\caches\modules-2\files-2.1\org.mariadb.jdbc\mariadb-java-client\2.5.4\adb3dbc97684a254b9ecf488167bbf177a33d8ba\mariadb-java-client-2.5.4.jar;C:\Users\user\.gradle\caches\modules-2\files-2.1\org.apache.httpcomponents\httpclient\4.5.11\f6d42fee5110c227bac18a550a297e028f2fb21a\httpclient-4.5.11.jar;C:\Users\user\.gradle\caches\modules-2\files-2.1\com.google.guava\guava\28.0-jre\54fed371b4b8a8cce1e94a9abd9620982d3aa54b\guava-28.0-jre.jar;C:\Users\user\.gradle\caches\modules-2\files-2.1\org.apache.httpcomponents\httpcore\4.4.13\853b96d3afbb7bf8cc303fe27ee96836a10c1834\httpcore-4.4.13.jar;C:\Users\user\.gradle\caches\modules-2\files-2.1\commons-logging\commons-logging\1.2\4bfc12adfe4842bf07b657f0369c4cb522955686\commons-logging-1.2.jar;C:\Users\user\.gradle\caches\modules-2\files-2.1\commons-codec\commons-codec\1.11\3acb4705652e16236558f0f4f2192cc33c3bd189\commons-codec-1.11.jar;C:\Users\user\.gradle\caches\modules-2\files-2.1\com.google.guava\failureaccess\1.0.1\1dcf1de382a0bf95a3d8b0849546c88bac1292c9\failureaccess-1.0.1.jar;C:\Users\user\.gradle\caches\modules-2\files-2.1\com.google.guava\listenablefuture\9999.0-empty-to-avoid-conflict-with-guava\b421526c5f297295adef1c886e5246c39d4ac629\listenablefuture-9999.0-empty-to-avoid-conflict-with-guava.jar;C:\Users\user\.gradle\caches\modules-2\files-2.1\com.google.code.findbugs\jsr305\3.0.2\25ea2e8b0c338a877313bd4672d3fe056ea78f0d\jsr305-3.0.2.jar;C:\Users\user\.gradle\caches\modules-2\files-2.1\org.checkerframework\checker-qual\2.8.1\eb2e8ab75598548cc8acf9a1ca227e480e01881e\checker-qual-2.8.1.jar;C:\Users\user\.gradle\caches\modules-2\files-2.1\com.google.errorprone\error_prone_annotations\2.3.2\d1a0c5032570e0f64be6b4d9c90cdeb103129029\error_prone_annotations-2.3.2.jar;C:\Users\user\.gradle\caches\modules-2\files-2.1\com.google.j2objc\j2objc-annotations\1.3\ba035118bc8bac37d7eff77700720999acd9986d\j2objc-annotations-1.3.j
Launcher Type: SUN_STANDARD

[Global flags]
     intx CICompilerCount                          = 4                                         {product} {ergonomic}
     uint ConcGCThreads                            = 2                                         {product} {ergonomic}
     uint G1ConcRefinementThreads                  = 8                                         {product} {ergonomic}
   size_t G1HeapRegionSize                         = 1048576                                   {product} {ergonomic}
    uintx GCDrainStackTargetSize                   = 64                                        {product} {ergonomic}
   size_t InitialHeapSize                          = 134217728                                 {product} {ergonomic}
   size_t MarkStackSize                            = 4194304                                   {product} {ergonomic}
   size_t MaxHeapSize                              = 2126512128                                {product} {ergonomic}
   size_t MinHeapDeltaBytes                        = 1048576                                   {product} {ergonomic}
    uintx NonNMethodCodeHeapSize                   = 5836300                                {pd product} {ergonomic}
    uintx NonProfiledCodeHeapSize                  = 164854010                              {pd product} {ergonomic}
    uintx ProfiledCodeHeapSize                     = 164854010                              {pd product} {ergonomic}
    uintx ReservedCodeCacheSize                    = 335544320                              {pd product} {ergonomic}
     bool SegmentedCodeCache                       = true                                      {product} {ergonomic}
     bool UseAOT                                   = false                                     {product} {ergonomic}
     bool UseCompressedClassPointers               = true                                 {lp64_product} {ergonomic}
     bool UseCompressedOops                        = true                                 {lp64_product} {ergonomic}
     bool UseG1GC                                  = true                                      {product} {ergonomic}
     bool UseLargePagesIndividualAllocation        = false                                  {pd product} {ergonomic}

Logging:
Log output configuration:
 #0: stdout all=warning uptime,level,tags
 #1: stderr all=off uptime,level,tags

Environment Variables:
JAVA_HOME=C:\bitcamp\graalvm-ce-java11-19.3.0
PATH=C:/bitcamp/graalvm-ce-java11-19.3.0/bin/server;C:/bitcamp/graalvm-ce-java11-19.3.0/bin;C:\Program Files\MariaDB 10.4\bin;C:\bitcamp\graalvm-ce-java11-19.3.0\bin;C:\WINDOWS\system32;C:\WINDOWS;C:\WINDOWS\System32\Wbem;C:\WINDOWS\System32\WindowsPowerShell\v1.0\;C:\WINDOWS\System32\OpenSSH\;C:\MinGW\bin;C:\Users\user\scoop\apps\nodejs\current\bin;C:\Users\user\scoop\apps\nodejs\current;C:\Users\user\scoop\shims;C:\Users\user\AppData\Local\Microsoft\WindowsApps;C:\Users\user\AppData\Local\Programs\Microsoft VS Code\bin;C:\Users\user\Desktop;
USERNAME=user
OS=Windows_NT
PROCESSOR_IDENTIFIER=Intel64 Family 6 Model 94 Stepping 3, GenuineIntel



---------------  S Y S T E M  ---------------

OS: Windows 10 , 64 bit Build 18362 (10.0.18362.329)

CPU:total 8 (initial active 8) (4 cores per cpu, 2 threads per core) family 6 model 94 stepping 3, cmov, cx8, fxsr, mmx, sse, sse2, sse3, ssse3, sse4.1, sse4.2, popcnt, avx, avx2, aes, clmul, erms, rtm, 3dnowpref, lzcnt, ht, tsc, tscinvbit, bmi1, bmi2, adx, fma

Memory: 4k page, system-wide physical 8105M (453M free)
TotalPageFile size 32681M (AvailPageFile size 69M)
current process WorkingSet (physical memory assigned to process): 10M, peak: 10M
current process commit charge ("private bytes"): 90M, peak: 218M

vm_info: OpenJDK 64-Bit Server VM (11.0.5+10-jvmci-19.3-b05-LTS) for windows-amd64 JRE (11.0.5+10-jvmci-19.3-b05-LTS), built on Nov 13 2019 21:48:54 by "" with MS VC++ 15.5 (VS2017)

END.
